android-RecipeAssistant/Application/build/outputs/logs/manifest-merger-debug-report.txt
-- Merging decision tree log ---
manifest
ADDED from src\main\AndroidManifest.xml:17:1-44:12
	package
		ADDED from src\main\AndroidManifest.xml:18:5-59
	xmlns:android
		ADDED from src\main\AndroidManifest.xml:17:11-69
uses-sdk
ADDED from src\main\AndroidManifest.xml:20:5-21:47
MERGED from [com.android.support:support-v13:25.0.1] AndroidManifest.xml:21:5-23:55
MERGED from [com.android.support:cardview-v7:25.0.1] AndroidManifest.xml:20:5-43
MERGED from [com.android.support:appcompat-v7:25.0.1] AndroidManifest.xml:21:5-23:78
MERGED from [com.android.support:support-v4:25.0.1] AndroidManifest.xml:21:5-23:54
MERGED from [com.android.support:support-fragment:25.0.1] AndroidManifest.xml:21:5-23:60
MERGED from [com.android.support:support-media-compat:25.0.1] AndroidManifest.xml:21:5-23:63
MERGED from [com.android.support:support-core-ui:25.0.1] AndroidManifest.xml:21:5-23:58
MERGED from [com.android.support:support-core-utils:25.0.1] AndroidManifest.xml:21:5-23:61
MERGED from [com.android.support:animated-vector-drawable:25.0.1] AndroidManifest.xml:20:5-44
MERGED from [com.android.support:support-vector-drawable:25.0.1] AndroidManifest.xml:21:5-43
MERGED from [com.android.support:support-compat:25.0.1] AndroidManifest.xml:21:5-23:58
	tools:overrideLibrary
		ADDED from [com.android.support:support-v13:25.0.1] AndroidManifest.xml:23:9-52
	android:targetSdkVersion
		ADDED from src\main\AndroidManifest.xml:21:15-44
		INJECTED from src\main\AndroidManifest.xml
		INJECTED from src\main\AndroidManifest.xml
	android:minSdkVersion
		ADDED from src\main\AndroidManifest.xml:20:15-41
		INJECTED from src\main\AndroidManifest.xml
		INJECTED from src\main\AndroidManifest.xml
application
ADDED from src\main\AndroidManifest.xml:23:5-42:19
MERGED from [com.android.support:support-v13:25.0.1] AndroidManifest.xml:25:5-20
MERGED from [com.android.support:cardview-v7:25.0.1] AndroidManifest.xml:22:5-20
MERGED from [com.android.support:appcompat-v7:25.0.1] AndroidManifest.xml:25:5-20
MERGED from [com.android.support:support-v4:25.0.1] AndroidManifest.xml:25:5-20
MERGED from [com.android.support:support-fragment:25.0.1] AndroidManifest.xml:25:5-20
MERGED from [com.android.support:support-media-compat:25.0.1] AndroidManifest.xml:25:5-20
MERGED from [com.android.support:support-core-ui:25.0.1] AndroidManifest.xml:25:5-20
MERGED from [com.android.support:support-core-utils:25.0.1] AndroidManifest.xml:25:5-20
MERGED from [com.android.support:animated-vector-drawable:25.0.1] AndroidManifest.xml:22:5-20
MERGED from [com.android.support:support-vector-drawable:25.0.1] AndroidManifest.xml:23:5-20
MERGED from [com.android.support:support-compat:25.0.1] AndroidManifest.xml:25:5-20
	android:label
		ADDED from src\main\AndroidManifest.xml:26:9-41
	android:allowBackup
		ADDED from src\main\AndroidManifest.xml:24:9-35
	android:icon
		ADDED from src\main\AndroidManifest.xml:25:9-45
	android:theme
		ADDED from src\main\AndroidManifest.xml:27:9-56
activity#com.example.android.wearable.recipeassistant.MainActivity
ADDED from src\main\AndroidManifest.xml:28:9-35:20
	android:label
		ADDED from src\main\AndroidManifest.xml:30:13-45
	android:name
		ADDED from src\main\AndroidManifest.xml:29:13-41
intent-filter#android.intent.action.MAIN+android.intent.category.LAUNCHER
ADDED from src\main\AndroidManifest.xml:31:13-34:29
action#android.intent.action.MAIN
ADDED from src\main\AndroidManifest.xml:32:17-69
	android:name
		ADDED from src\main\AndroidManifest.xml:32:25-66
category#android.intent.category.LAUNCHER
ADDED from src\main\AndroidManifest.xml:33:17-77
	android:name
		ADDED from src\main\AndroidManifest.xml:33:27-74
activity#com.example.android.wearable.recipeassistant.RecipeActivity
ADDED from src\main\AndroidManifest.xml:36:9-39:20
	android:label
		ADDED from src\main\AndroidManifest.xml:38:13-45
	android:name
		ADDED from src\main\AndroidManifest.xml:37:13-43
service#com.example.android.wearable.recipeassistant.RecipeService
ADDED from src\main\AndroidManifest.xml:40:9-41:45
	android:name
		ADDED from src\main\AndroidManifest.xml:41:13-42